{
  "RSpec": {
    "coverage": {
      "/home/benny/workspace/timetracker/spec/support/macros.rb": [
        1,
        26,
        26,
        null,
        null,
        null,
        null,
        null,
        null,
        26,
        0,
        null,
        null,
        null,
        1,
        null,
        7,
        7,
        7,
        7,
        null
      ],
      "/home/benny/workspace/timetracker/spec/features/account_creation_feature_spec.rb": [
        1,
        null,
        null,
        1,
        5,
        5,
        null,
        1,
        1,
        1,
        1,
        null,
        null,
        1,
        1,
        1,
        1,
        null,
        null,
        1,
        1,
        1,
        1,
        1,
        null,
        null,
        1,
        1,
        1,
        1,
        2,
        null,
        null,
        1,
        5,
        5,
        null,
        null,
        5,
        5,
        5,
        5,
        5,
        5,
        null,
        null
      ],
      "/home/benny/workspace/timetracker/spec/rails_helper.rb": [
        null,
        1,
        1,
        null,
        1,
        null,
        null,
        1,
        1,
        1,
        null,
        1,
        null,
        null,
        null,
        null,
        null,
        null,
        null,
        null,
        null,
        null,
        null,
        null,
        null,
        null,
        null,
        null,
        1,
        null,
        1,
        null,
        1,
        null,
        1,
        null,
        1,
        null,
        1,
        null,
        null,
        1,
        null,
        null,
        null
      ],
      "/home/benny/workspace/timetracker/spec/features/authentication_feature_spec.rb": [
        1,
        null,
        null,
        1,
        6,
        6,
        null,
        1,
        1,
        1,
        null,
        null,
        1,
        1,
        null,
        1,
        null,
        null,
        1,
        1,
        null,
        1,
        1,
        null,
        null,
        1,
        1,
        1,
        null,
        1,
        1,
        null,
        1,
        1,
        null,
        null,
        1,
        1,
        null,
        1,
        1,
        null,
        null
      ],
      "/home/benny/workspace/timetracker/spec/features/invitations_feature_spec.rb": [
        1,
        1,
        null,
        1,
        2,
        2,
        null,
        1,
        1,
        1,
        0,
        0,
        null,
        null
      ],
      "/home/benny/workspace/timetracker/spec/features/subdomain_feature_spec.rb": [
        1,
        1,
        null,
        1,
        4,
        null,
        1,
        1,
        null,
        1,
        1,
        null,
        null,
        1,
        1,
        1,
        null,
        null,
        1,
        1,
        1,
        null,
        null
      ],
      "/home/benny/workspace/timetracker/spec/models/account_spec.rb": [
        1,
        null,
        1,
        1,
        2,
        null,
        2,
        null,
        2,
        2,
        null,
        2,
        2,
        2,
        2,
        null,
        1,
        1,
        1,
        null,
        null,
        null,
        1,
        2,
        null,
        null
      ],
      "/home/benny/workspace/timetracker/spec/models/user_spec.rb": [
        1,
        null,
        1,
        1,
        2,
        2,
        2,
        null,
        null,
        1,
        null,
        null
      ],
      "/home/benny/workspace/timetracker/app/controllers/welcome_controller.rb": [
        1,
        1,
        null,
        1,
        null,
        null
      ],
      "/home/benny/workspace/timetracker/app/controllers/application_controller.rb": [
        1,
        1,
        null,
        1,
        null,
        1,
        null,
        1,
        57,
        57,
        null,
        39,
        null,
        39,
        null,
        36,
        null,
        3,
        null,
        null,
        null,
        null,
        null,
        null,
        null,
        1,
        1,
        null,
        null
      ],
      "/home/benny/workspace/timetracker/app/controllers/accounts_controller.rb": [
        1,
        1,
        null,
        1,
        5,
        5,
        null,
        null,
        1,
        5,
        5,
        5,
        5,
        5,
        5,
        null,
        0,
        null,
        null,
        null,
        1,
        null,
        1,
        5,
        null,
        null
      ],
      "/home/benny/workspace/timetracker/db/schema.rb": [
        null,
        null,
        null,
        null,
        null,
        null,
        null,
        null,
        null,
        null,
        null,
        null,
        null,
        1,
        null,
        null,
        1,
        null,
        1,
        1,
        1,
        1,
        1,
        null,
        null,
        1,
        1,
        1,
        1,
        1,
        1,
        1,
        1,
        1,
        null,
        null,
        1,
        1,
        null,
        null
      ],
      "/home/benny/workspace/timetracker/app/controllers/projects_controller.rb": [
        1,
        null,
        1,
        null,
        null
      ]
    },
    "timestamp": 1492887295
  }
}
